<?xml version="1.0" encoding="UTF-8"?>
<robot generator="Robot 3.0 (Jython 2.7.0 on java1.8.0_20)" generated="20161215 12:21:41.143">
<suite source="C:\Projects\SBMSolution" name="SBMSolution" id="s1">
<suite source="C:\Projects\SBMSolution\tests" name="Tests" id="s1-s1">
<suite source="C:\Projects\SBMSolution\tests\WebTest.robot" name="WebTest" id="s1-s1-s1">
<test name="Login Test" id="s1-s1-s1-t1">
<kw library="Selenium2Library" name="Open Browser">
<doc>Opens a new browser instance to given URL.</doc>
<arguments>
<arg>${LOGIN_PAGE_URL}</arg>
<arg>${BROWSER}</arg>
</arguments>
<msg level="INFO" timestamp="20161215 12:21:47.827">Opening browser 'Chrome' to base url 'http://s1.web.sumdu.edu.ua:8080/login.jsp'</msg>
<status endtime="20161215 12:21:59.671" starttime="20161215 12:21:47.812" status="PASS"></status>
</kw>
<kw name="useWorkbook">
<arguments>
<arg>"C:/Users/Ярослав/Dropbox/Netcracker/TA/TA.Lab.YaroslavKuts/Helper/data.xlsx"</arg>
</arguments>
<msg level="FAIL" timestamp="20161215 12:22:00.095">No keyword with name 'useWorkbook' found.</msg>
<status endtime="20161215 12:22:00.151" starttime="20161215 12:22:00.028" status="FAIL"></status>
</kw>
<kw type="teardown" library="Selenium2Library" name="Close Browser">
<doc>Closes the current browser.</doc>
<status endtime="20161215 12:22:03.251" starttime="20161215 12:22:00.221" status="PASS"></status>
</kw>
<status critical="yes" endtime="20161215 12:22:03.269" starttime="20161215 12:21:47.774" status="FAIL">No keyword with name 'useWorkbook' found.</status>
</test>
<status endtime="20161215 12:22:03.381" starttime="20161215 12:21:42.756" status="FAIL"></status>
</suite>
<status endtime="20161215 12:22:03.540" starttime="20161215 12:21:42.671" status="FAIL"></status>
</suite>
<status endtime="20161215 12:22:03.756" starttime="20161215 12:21:41.895" status="FAIL"></status>
</suite>
<statistics>
<total>
<stat pass="0" fail="1">Critical Tests</stat>
<stat pass="0" fail="1">All Tests</stat>
</total>
<tag>
</tag>
<suite>
<stat pass="0" fail="1" name="SBMSolution" id="s1">SBMSolution</stat>
<stat pass="0" fail="1" name="Tests" id="s1-s1">SBMSolution.Tests</stat>
<stat pass="0" fail="1" name="WebTest" id="s1-s1-s1">SBMSolution.Tests.WebTest</stat>
</suite>
</statistics>
<errors>
<msg level="ERROR" timestamp="20161215 12:21:46.972">Error in file 'C:\Projects\SBMSolution\tests\WebTest.robot': Importing test library 'ua.edu.sumdu.ta.yaroslavkuts.lab.LoginTestDataReader' failed: ImportError: No module named edu
Traceback (most recent call last):
  None
PYTHONPATH:
  C:\jython2.7.0\Lib
  __classpath__
  __pyclasspath__/
  C:\jython2.7.0\Lib\site-packages
CLASSPATH:
  C:\jython2.7.0\jython.jar
  C:\Projects\Robotframework\javabot-1.0.jar
  C:\Users\???????\\Dropbox\Netcracker\TA\TA.Lab.YaroslavKuts\SBMSolution\resources\lib\Helper-1.0.jar</msg>
</errors>
</robot>
