<?xml version="1.0" encoding="UTF-8"?>
<robot generator="Robot 3.0 (Jython 2.7.0 on java1.8.0_20)" generated="20161215 09:45:28.223">
<suite source="C:\Users\Ярослав\Dropbox\Netcracker\TA\TA.Lab.YaroslavKuts\SBMSolution" name="SBMSolution" id="s1">
<suite source="C:\Users\Ярослав\Dropbox\Netcracker\TA\TA.Lab.YaroslavKuts\SBMSolution\tests" name="Tests" id="s1-s1">
<suite source="C:\Users\Ярослав\Dropbox\Netcracker\TA\TA.Lab.YaroslavKuts\SBMSolution\tests\WebTest.robot" name="WebTest" id="s1-s1-s1">
<test name="Login Test" id="s1-s1-s1-t1">
<kw name="Open Browser">
<arguments>
<arg>${LOGIN_PAGE_URL}</arg>
<arg>${BROWSER}</arg>
</arguments>
<msg level="FAIL" timestamp="20161215 09:45:30.978">No keyword with name 'Open Browser' found.</msg>
<status endtime="20161215 09:45:30.987" starttime="20161215 09:45:30.969" status="FAIL"></status>
</kw>
<kw type="teardown" name="Close Browser">
<msg level="FAIL" timestamp="20161215 09:45:31.375">No keyword with name 'Close Browser' found.</msg>
<status endtime="20161215 09:45:31.410" starttime="20161215 09:45:31.317" status="FAIL">No keyword with name 'Close Browser' found.</status>
</kw>
<status critical="yes" endtime="20161215 09:45:31.418" starttime="20161215 09:45:30.860" status="FAIL">No keyword with name 'Open Browser' found.

Also teardown failed:
No keyword with name 'Close Browser' found.</status>
</test>
<status endtime="20161215 09:45:31.437" starttime="20161215 09:45:29.725" status="FAIL"></status>
</suite>
<status endtime="20161215 09:45:31.552" starttime="20161215 09:45:29.603" status="FAIL"></status>
</suite>
<status endtime="20161215 09:45:31.641" starttime="20161215 09:45:28.856" status="FAIL"></status>
</suite>
<statistics>
<total>
<stat pass="0" fail="1">Critical Tests</stat>
<stat pass="0" fail="1">All Tests</stat>
</total>
<tag>
</tag>
<suite>
<stat pass="0" fail="1" name="SBMSolution" id="s1">SBMSolution</stat>
<stat pass="0" fail="1" name="Tests" id="s1-s1">SBMSolution.Tests</stat>
<stat pass="0" fail="1" name="WebTest" id="s1-s1-s1">SBMSolution.Tests.WebTest</stat>
</suite>
</statistics>
<errors>
<msg level="ERROR" timestamp="20161215 09:45:29.784">Error in file 'C:\Users\Ярослав\Dropbox\Netcracker\TA\TA.Lab.YaroslavKuts\SBMSolution\tests\WebTest.robot': Importing test library 'Selenium2Library' failed: ImportError: No module named Selenium2Library
Traceback (most recent call last):
  None
PYTHONPATH:
  C:\jython2.7.0\Lib
  __classpath__
  __pyclasspath__/
  C:\jython2.7.0\Lib\site-packages
CLASSPATH:
  C:\jython2.7.0\jython.jar
  C:\Projects\Robotframework\javabot-1.0.jar</msg>
<msg level="ERROR" timestamp="20161215 09:45:30.067">Error in file 'C:\Users\Ярослав\Dropbox\Netcracker\TA\TA.Lab.YaroslavKuts\SBMSolution\tests\WebTest.robot': Importing test library 'ua.edu.sumdu.ta.yaroslavkuts.lab.LoginTestDataReader' failed: ImportError: No module named edu
Traceback (most recent call last):
  None
PYTHONPATH:
  C:\jython2.7.0\Lib
  __classpath__
  __pyclasspath__/
  C:\jython2.7.0\Lib\site-packages
CLASSPATH:
  C:\jython2.7.0\jython.jar
  C:\Projects\Robotframework\javabot-1.0.jar</msg>
<msg level="ERROR" timestamp="20161215 09:45:30.399">Error in file 'C:\Users\Ярослав\Dropbox\Netcracker\TA\TA.Lab.YaroslavKuts\SBMSolution\resources\Project_Keywords.txt': Importing test library 'Selenium2Library' failed: ImportError: No module named Selenium2Library
Traceback (most recent call last):
  None
PYTHONPATH:
  C:\jython2.7.0\Lib
  __classpath__
  __pyclasspath__/
  C:\jython2.7.0\Lib\site-packages
CLASSPATH:
  C:\jython2.7.0\jython.jar
  C:\Projects\Robotframework\javabot-1.0.jar</msg>
</errors>
</robot>
