<?xml version="1.0" encoding="UTF-8"?>
<robot generator="Robot 3.0 (Jython 2.7.0 on java1.8.0_20)" generated="20161215 11:11:26.222">
<suite source="C:\Users\Ярослав\Dropbox\Netcracker\TA\TA.Lab.YaroslavKuts\SBMSolution" name="SBMSolution" id="s1">
<suite source="C:\Users\Ярослав\Dropbox\Netcracker\TA\TA.Lab.YaroslavKuts\SBMSolution\tests" name="Tests" id="s1-s1">
<suite source="C:\Users\Ярослав\Dropbox\Netcracker\TA\TA.Lab.YaroslavKuts\SBMSolution\tests\WebTest.robot" name="WebTest" id="s1-s1-s1">
<test name="Login Test" id="s1-s1-s1-t1">
<kw name="Open Browser">
<arguments>
<arg>${LOGIN_PAGE_URL}</arg>
<arg>${BROWSER}</arg>
</arguments>
<msg level="FAIL" timestamp="20161215 11:11:32.245">No keyword with name 'Open Browser' found.</msg>
<status endtime="20161215 11:11:32.373" starttime="20161215 11:11:32.217" status="FAIL"></status>
</kw>
<kw type="teardown" name="Close Browser">
<msg level="FAIL" timestamp="20161215 11:11:32.580">No keyword with name 'Close Browser' found.</msg>
<status endtime="20161215 11:11:32.628" starttime="20161215 11:11:32.551" status="FAIL">No keyword with name 'Close Browser' found.</status>
</kw>
<status critical="yes" endtime="20161215 11:11:32.644" starttime="20161215 11:11:32.158" status="FAIL">No keyword with name 'Open Browser' found.

Also teardown failed:
No keyword with name 'Close Browser' found.</status>
</test>
<status endtime="20161215 11:11:32.668" starttime="20161215 11:11:29.843" status="FAIL"></status>
</suite>
<status endtime="20161215 11:11:32.797" starttime="20161215 11:11:29.647" status="FAIL"></status>
</suite>
<status endtime="20161215 11:11:32.867" starttime="20161215 11:11:27.933" status="FAIL"></status>
</suite>
<statistics>
<total>
<stat pass="0" fail="1">Critical Tests</stat>
<stat pass="0" fail="1">All Tests</stat>
</total>
<tag>
</tag>
<suite>
<stat pass="0" fail="1" name="SBMSolution" id="s1">SBMSolution</stat>
<stat pass="0" fail="1" name="Tests" id="s1-s1">SBMSolution.Tests</stat>
<stat pass="0" fail="1" name="WebTest" id="s1-s1-s1">SBMSolution.Tests.WebTest</stat>
</suite>
</statistics>
<errors>
<msg level="ERROR" timestamp="20161215 11:11:30.586">Error in file 'C:\Users\Ярослав\Dropbox\Netcracker\TA\TA.Lab.YaroslavKuts\SBMSolution\tests\WebTest.robot': Importing test library 'Selenium2Library' failed: ImportError: No module named decorator
Traceback (most recent call last):
  File "C:\jython2.7.0\Lib\site-packages\Selenium2Library\__init__.py", line 2, in &lt;module&gt;
    from keywords import *
  File "C:\jython2.7.0\Lib\site-packages\Selenium2Library\keywords\__init__.py", line 1, in &lt;module&gt;
    from _logging import _LoggingKeywords
  File "C:\jython2.7.0\Lib\site-packages\Selenium2Library\keywords\_logging.py", line 4, in &lt;module&gt;
    from keywordgroup import KeywordGroup
  File "C:\jython2.7.0\Lib\site-packages\Selenium2Library\keywords\keywordgroup.py", line 4, in &lt;module&gt;
    from decorator import decorator
  File "C:\jython2.7.0\Lib\site-packages\Selenium2Library\keywords\keywordgroup.py", line 4, in &lt;module&gt;
    from decorator import decorator
PYTHONPATH:
  C:\jython2.7.0\Lib
  __classpath__
  __pyclasspath__/
  C:\jython2.7.0\Lib\site-packages
CLASSPATH:
  C:\jython2.7.0\jython.jar
  C:\Projects\Robotframework\javabot-1.0.jar</msg>
<msg level="ERROR" timestamp="20161215 11:11:31.136">Error in file 'C:\Users\Ярослав\Dropbox\Netcracker\TA\TA.Lab.YaroslavKuts\SBMSolution\tests\WebTest.robot': Importing test library 'ua.edu.sumdu.ta.yaroslavkuts.lab.LoginTestDataReader' failed: ImportError: No module named edu
Traceback (most recent call last):
  None
PYTHONPATH:
  C:\jython2.7.0\Lib
  __classpath__
  __pyclasspath__/
  C:\jython2.7.0\Lib\site-packages
CLASSPATH:
  C:\jython2.7.0\jython.jar
  C:\Projects\Robotframework\javabot-1.0.jar</msg>
<msg level="ERROR" timestamp="20161215 11:11:31.730">Error in file 'C:\Users\Ярослав\Dropbox\Netcracker\TA\TA.Lab.YaroslavKuts\SBMSolution\resources\Project_Keywords.txt': Importing test library 'Selenium2Library' failed: ImportError: No module named decorator
Traceback (most recent call last):
  File "C:\jython2.7.0\Lib\site-packages\Selenium2Library\__init__.py", line 2, in &lt;module&gt;
    from keywords import *
  File "C:\jython2.7.0\Lib\site-packages\Selenium2Library\keywords\__init__.py", line 1, in &lt;module&gt;
    from _logging import _LoggingKeywords
  File "C:\jython2.7.0\Lib\site-packages\Selenium2Library\keywords\_logging.py", line 4, in &lt;module&gt;
    from keywordgroup import KeywordGroup
  File "C:\jython2.7.0\Lib\site-packages\Selenium2Library\keywords\keywordgroup.py", line 4, in &lt;module&gt;
    from decorator import decorator
  File "C:\jython2.7.0\Lib\site-packages\Selenium2Library\keywords\keywordgroup.py", line 4, in &lt;module&gt;
    from decorator import decorator
PYTHONPATH:
  C:\jython2.7.0\Lib
  __classpath__
  __pyclasspath__/
  C:\jython2.7.0\Lib\site-packages
CLASSPATH:
  C:\jython2.7.0\jython.jar
  C:\Projects\Robotframework\javabot-1.0.jar</msg>
</errors>
</robot>
